<?xml version="1.0" encoding="UTF-8"?>
<coverage generated="1601404119483" clover="3.2.0">
  <project timestamp="1601404119483" name="All files">
    <metrics statements="28" coveredstatements="27" conditionals="29" coveredconditionals="27" methods="6" coveredmethods="6" elements="63" coveredelements="60" complexity="0" loc="28" ncloc="28" packages="4" files="14" classes="14"/>
    <package name="src">
      <metrics statements="28" coveredstatements="27" conditionals="29" coveredconditionals="27" methods="6" coveredmethods="6"/>
      <file name="index.ts" path="/Users/hmelenok/IdeaProjects/language-name-to-language-name/src/index.ts">
        <metrics statements="28" coveredstatements="27" conditionals="29" coveredconditionals="27" methods="6" coveredmethods="6"/>
        <line num="8" count="1" type="cond" truecount="0" falsecount="1"/>
        <line num="9" count="8" type="stmt"/>
        <line num="10" count="8" type="stmt"/>
        <line num="12" count="8" type="stmt"/>
        <line num="13" count="1488" type="stmt"/>
        <line num="17" count="1488" type="stmt"/>
        <line num="24" count="1488" type="stmt"/>
        <line num="45" count="12" type="cond" truecount="2" falsecount="0"/>
        <line num="46" count="10" type="stmt"/>
        <line num="47" count="10" type="stmt"/>
        <line num="49" count="12" type="cond" truecount="2" falsecount="0"/>
        <line num="50" count="2" type="stmt"/>
        <line num="51" count="2" type="cond" truecount="2" falsecount="0"/>
        <line num="54" count="12" type="stmt"/>
        <line num="55" count="12" type="cond" truecount="2" falsecount="0"/>
        <line num="57" count="12" type="cond" truecount="4" falsecount="0"/>
        <line num="58" count="8" type="stmt"/>
        <line num="60" count="4" type="cond" truecount="1" falsecount="1"/>
        <line num="61" count="0" type="stmt"/>
        <line num="64" count="4" type="stmt"/>
        <line num="78" count="6" type="stmt"/>
        <line num="79" count="6" type="stmt"/>
        <line num="80" count="6" type="stmt"/>
        <line num="82" count="6" type="cond" truecount="2" falsecount="0"/>
        <line num="83" count="4" type="stmt"/>
        <line num="84" count="4" type="stmt"/>
        <line num="85" count="4" type="stmt"/>
        <line num="93" count="2" type="stmt"/>
      </file>
    </package>
    <package name="src.maps">
      <metrics statements="0" coveredstatements="0" conditionals="0" coveredconditionals="0" methods="0" coveredmethods="0"/>
      <file name="dir.ts" path="/Users/hmelenok/IdeaProjects/language-name-to-language-name/src/maps/dir.ts">
        <metrics statements="0" coveredstatements="0" conditionals="0" coveredconditionals="0" methods="0" coveredmethods="0"/>
      </file>
      <file name="native.ts" path="/Users/hmelenok/IdeaProjects/language-name-to-language-name/src/maps/native.ts">
        <metrics statements="0" coveredstatements="0" conditionals="0" coveredconditionals="0" methods="0" coveredmethods="0"/>
      </file>
    </package>
    <package name="src.maps.countries">
      <metrics statements="0" coveredstatements="0" conditionals="0" coveredconditionals="0" methods="0" coveredmethods="0"/>
      <file name="en-short.ts" path="/Users/hmelenok/IdeaProjects/language-name-to-language-name/src/maps/countries/en-short.ts">
        <metrics statements="0" coveredstatements="0" conditionals="0" coveredconditionals="0" methods="0" coveredmethods="0"/>
      </file>
      <file name="en.ts" path="/Users/hmelenok/IdeaProjects/language-name-to-language-name/src/maps/countries/en.ts">
        <metrics statements="0" coveredstatements="0" conditionals="0" coveredconditionals="0" methods="0" coveredmethods="0"/>
      </file>
      <file name="index.ts" path="/Users/hmelenok/IdeaProjects/language-name-to-language-name/src/maps/countries/index.ts">
        <metrics statements="0" coveredstatements="0" conditionals="0" coveredconditionals="0" methods="0" coveredmethods="0"/>
      </file>
      <file name="short.ts" path="/Users/hmelenok/IdeaProjects/language-name-to-language-name/src/maps/countries/short.ts">
        <metrics statements="0" coveredstatements="0" conditionals="0" coveredconditionals="0" methods="0" coveredmethods="0"/>
      </file>
    </package>
    <package name="src.maps.languages">
      <metrics statements="0" coveredstatements="0" conditionals="0" coveredconditionals="0" methods="0" coveredmethods="0"/>
      <file name="de.ts" path="/Users/hmelenok/IdeaProjects/language-name-to-language-name/src/maps/languages/de.ts">
        <metrics statements="0" coveredstatements="0" conditionals="0" coveredconditionals="0" methods="0" coveredmethods="0"/>
      </file>
      <file name="en.ts" path="/Users/hmelenok/IdeaProjects/language-name-to-language-name/src/maps/languages/en.ts">
        <metrics statements="0" coveredstatements="0" conditionals="0" coveredconditionals="0" methods="0" coveredmethods="0"/>
      </file>
      <file name="fr.ts" path="/Users/hmelenok/IdeaProjects/language-name-to-language-name/src/maps/languages/fr.ts">
        <metrics statements="0" coveredstatements="0" conditionals="0" coveredconditionals="0" methods="0" coveredmethods="0"/>
      </file>
      <file name="index.ts" path="/Users/hmelenok/IdeaProjects/language-name-to-language-name/src/maps/languages/index.ts">
        <metrics statements="0" coveredstatements="0" conditionals="0" coveredconditionals="0" methods="0" coveredmethods="0"/>
      </file>
      <file name="nb.ts" path="/Users/hmelenok/IdeaProjects/language-name-to-language-name/src/maps/languages/nb.ts">
        <metrics statements="0" coveredstatements="0" conditionals="0" coveredconditionals="0" methods="0" coveredmethods="0"/>
      </file>
      <file name="ru.ts" path="/Users/hmelenok/IdeaProjects/language-name-to-language-name/src/maps/languages/ru.ts">
        <metrics statements="0" coveredstatements="0" conditionals="0" coveredconditionals="0" methods="0" coveredmethods="0"/>
      </file>
      <file name="uk.ts" path="/Users/hmelenok/IdeaProjects/language-name-to-language-name/src/maps/languages/uk.ts">
        <metrics statements="0" coveredstatements="0" conditionals="0" coveredconditionals="0" methods="0" coveredmethods="0"/>
      </file>
    </package>
  </project>
</coverage>
