<?xml version="1.0" encoding="UTF-8"?>
<coverage generated="1623846453205" clover="3.2.0">
  <project timestamp="1623846453205" name="All files">
    <metrics statements="32" coveredstatements="31" conditionals="35" coveredconditionals="33" methods="6" coveredmethods="6" elements="73" coveredelements="70" complexity="0" loc="32" ncloc="32" packages="4" files="27" classes="27"/>
    <package name="src">
      <metrics statements="32" coveredstatements="31" conditionals="35" coveredconditionals="33" methods="6" coveredmethods="6"/>
      <file name="index.ts" path="/Users/hmelenok/IdeaProjects/language-name-to-language-name/src/index.ts">
        <metrics statements="32" coveredstatements="31" conditionals="35" coveredconditionals="33" methods="6" coveredmethods="6"/>
        <line num="8" count="1" type="cond" truecount="0" falsecount="1"/>
        <line num="9" count="19" type="stmt"/>
        <line num="10" count="19" type="cond" truecount="2" falsecount="0"/>
        <line num="11" count="1" type="stmt"/>
        <line num="13" count="18" type="stmt"/>
        <line num="16" count="18" type="stmt"/>
        <line num="17" count="3420" type="stmt"/>
        <line num="21" count="3420" type="stmt"/>
        <line num="28" count="3420" type="stmt"/>
        <line num="49" count="15" type="cond" truecount="2" falsecount="0"/>
        <line num="50" count="13" type="stmt"/>
        <line num="51" count="13" type="stmt"/>
        <line num="53" count="15" type="cond" truecount="2" falsecount="0"/>
        <line num="54" count="2" type="stmt"/>
        <line num="55" count="2" type="cond" truecount="2" falsecount="0"/>
        <line num="58" count="15" type="stmt"/>
        <line num="59" count="15" type="cond" truecount="2" falsecount="0"/>
        <line num="61" count="15" type="cond" truecount="4" falsecount="0"/>
        <line num="62" count="11" type="stmt"/>
        <line num="64" count="4" type="cond" truecount="1" falsecount="1"/>
        <line num="65" count="0" type="stmt"/>
        <line num="68" count="4" type="stmt"/>
        <line num="82" count="8" type="stmt"/>
        <line num="83" count="8" type="stmt"/>
        <line num="84" count="8" type="stmt"/>
        <line num="85" count="8" type="stmt"/>
        <line num="86" count="8" type="cond" truecount="4" falsecount="0"/>
        <line num="88" count="8" type="cond" truecount="2" falsecount="0"/>
        <line num="89" count="7" type="stmt"/>
        <line num="90" count="7" type="stmt"/>
        <line num="91" count="7" type="stmt"/>
        <line num="100" count="1" type="stmt"/>
      </file>
    </package>
    <package name="src.maps">
      <metrics statements="0" coveredstatements="0" conditionals="0" coveredconditionals="0" methods="0" coveredmethods="0"/>
      <file name="dir.ts" path="/Users/hmelenok/IdeaProjects/language-name-to-language-name/src/maps/dir.ts">
        <metrics statements="0" coveredstatements="0" conditionals="0" coveredconditionals="0" methods="0" coveredmethods="0"/>
      </file>
      <file name="native.ts" path="/Users/hmelenok/IdeaProjects/language-name-to-language-name/src/maps/native.ts">
        <metrics statements="0" coveredstatements="0" conditionals="0" coveredconditionals="0" methods="0" coveredmethods="0"/>
      </file>
    </package>
    <package name="src.maps.countries">
      <metrics statements="0" coveredstatements="0" conditionals="0" coveredconditionals="0" methods="0" coveredmethods="0"/>
      <file name="de-short.ts" path="/Users/hmelenok/IdeaProjects/language-name-to-language-name/src/maps/countries/de-short.ts">
        <metrics statements="0" coveredstatements="0" conditionals="0" coveredconditionals="0" methods="0" coveredmethods="0"/>
      </file>
      <file name="de.ts" path="/Users/hmelenok/IdeaProjects/language-name-to-language-name/src/maps/countries/de.ts">
        <metrics statements="0" coveredstatements="0" conditionals="0" coveredconditionals="0" methods="0" coveredmethods="0"/>
      </file>
      <file name="en-short.ts" path="/Users/hmelenok/IdeaProjects/language-name-to-language-name/src/maps/countries/en-short.ts">
        <metrics statements="0" coveredstatements="0" conditionals="0" coveredconditionals="0" methods="0" coveredmethods="0"/>
      </file>
      <file name="en.ts" path="/Users/hmelenok/IdeaProjects/language-name-to-language-name/src/maps/countries/en.ts">
        <metrics statements="0" coveredstatements="0" conditionals="0" coveredconditionals="0" methods="0" coveredmethods="0"/>
      </file>
      <file name="es-short.ts" path="/Users/hmelenok/IdeaProjects/language-name-to-language-name/src/maps/countries/es-short.ts">
        <metrics statements="0" coveredstatements="0" conditionals="0" coveredconditionals="0" methods="0" coveredmethods="0"/>
      </file>
      <file name="es.ts" path="/Users/hmelenok/IdeaProjects/language-name-to-language-name/src/maps/countries/es.ts">
        <metrics statements="0" coveredstatements="0" conditionals="0" coveredconditionals="0" methods="0" coveredmethods="0"/>
      </file>
      <file name="fr-short.ts" path="/Users/hmelenok/IdeaProjects/language-name-to-language-name/src/maps/countries/fr-short.ts">
        <metrics statements="0" coveredstatements="0" conditionals="0" coveredconditionals="0" methods="0" coveredmethods="0"/>
      </file>
      <file name="fr.ts" path="/Users/hmelenok/IdeaProjects/language-name-to-language-name/src/maps/countries/fr.ts">
        <metrics statements="0" coveredstatements="0" conditionals="0" coveredconditionals="0" methods="0" coveredmethods="0"/>
      </file>
      <file name="index.ts" path="/Users/hmelenok/IdeaProjects/language-name-to-language-name/src/maps/countries/index.ts">
        <metrics statements="0" coveredstatements="0" conditionals="0" coveredconditionals="0" methods="0" coveredmethods="0"/>
      </file>
      <file name="nb-short.ts" path="/Users/hmelenok/IdeaProjects/language-name-to-language-name/src/maps/countries/nb-short.ts">
        <metrics statements="0" coveredstatements="0" conditionals="0" coveredconditionals="0" methods="0" coveredmethods="0"/>
      </file>
      <file name="nb.ts" path="/Users/hmelenok/IdeaProjects/language-name-to-language-name/src/maps/countries/nb.ts">
        <metrics statements="0" coveredstatements="0" conditionals="0" coveredconditionals="0" methods="0" coveredmethods="0"/>
      </file>
      <file name="ru-short.ts" path="/Users/hmelenok/IdeaProjects/language-name-to-language-name/src/maps/countries/ru-short.ts">
        <metrics statements="0" coveredstatements="0" conditionals="0" coveredconditionals="0" methods="0" coveredmethods="0"/>
      </file>
      <file name="ru.ts" path="/Users/hmelenok/IdeaProjects/language-name-to-language-name/src/maps/countries/ru.ts">
        <metrics statements="0" coveredstatements="0" conditionals="0" coveredconditionals="0" methods="0" coveredmethods="0"/>
      </file>
      <file name="short.ts" path="/Users/hmelenok/IdeaProjects/language-name-to-language-name/src/maps/countries/short.ts">
        <metrics statements="0" coveredstatements="0" conditionals="0" coveredconditionals="0" methods="0" coveredmethods="0"/>
      </file>
      <file name="uk-short.ts" path="/Users/hmelenok/IdeaProjects/language-name-to-language-name/src/maps/countries/uk-short.ts">
        <metrics statements="0" coveredstatements="0" conditionals="0" coveredconditionals="0" methods="0" coveredmethods="0"/>
      </file>
      <file name="uk.ts" path="/Users/hmelenok/IdeaProjects/language-name-to-language-name/src/maps/countries/uk.ts">
        <metrics statements="0" coveredstatements="0" conditionals="0" coveredconditionals="0" methods="0" coveredmethods="0"/>
      </file>
    </package>
    <package name="src.maps.languages">
      <metrics statements="0" coveredstatements="0" conditionals="0" coveredconditionals="0" methods="0" coveredmethods="0"/>
      <file name="de.ts" path="/Users/hmelenok/IdeaProjects/language-name-to-language-name/src/maps/languages/de.ts">
        <metrics statements="0" coveredstatements="0" conditionals="0" coveredconditionals="0" methods="0" coveredmethods="0"/>
      </file>
      <file name="en.ts" path="/Users/hmelenok/IdeaProjects/language-name-to-language-name/src/maps/languages/en.ts">
        <metrics statements="0" coveredstatements="0" conditionals="0" coveredconditionals="0" methods="0" coveredmethods="0"/>
      </file>
      <file name="es.ts" path="/Users/hmelenok/IdeaProjects/language-name-to-language-name/src/maps/languages/es.ts">
        <metrics statements="0" coveredstatements="0" conditionals="0" coveredconditionals="0" methods="0" coveredmethods="0"/>
      </file>
      <file name="fr.ts" path="/Users/hmelenok/IdeaProjects/language-name-to-language-name/src/maps/languages/fr.ts">
        <metrics statements="0" coveredstatements="0" conditionals="0" coveredconditionals="0" methods="0" coveredmethods="0"/>
      </file>
      <file name="index.ts" path="/Users/hmelenok/IdeaProjects/language-name-to-language-name/src/maps/languages/index.ts">
        <metrics statements="0" coveredstatements="0" conditionals="0" coveredconditionals="0" methods="0" coveredmethods="0"/>
      </file>
      <file name="nb.ts" path="/Users/hmelenok/IdeaProjects/language-name-to-language-name/src/maps/languages/nb.ts">
        <metrics statements="0" coveredstatements="0" conditionals="0" coveredconditionals="0" methods="0" coveredmethods="0"/>
      </file>
      <file name="ru.ts" path="/Users/hmelenok/IdeaProjects/language-name-to-language-name/src/maps/languages/ru.ts">
        <metrics statements="0" coveredstatements="0" conditionals="0" coveredconditionals="0" methods="0" coveredmethods="0"/>
      </file>
      <file name="uk.ts" path="/Users/hmelenok/IdeaProjects/language-name-to-language-name/src/maps/languages/uk.ts">
        <metrics statements="0" coveredstatements="0" conditionals="0" coveredconditionals="0" methods="0" coveredmethods="0"/>
      </file>
    </package>
  </project>
</coverage>
