{"/Users/hmelenok/IdeaProjects/language-name-to-language-name/src/index.ts": {"path":"/Users/hmelenok/IdeaProjects/language-name-to-language-name/src/index.ts","statementMap":{"0":{"start":{"line":8,"column":26},"end":{"line":25,"column":1}},"1":{"start":{"line":9,"column":25},"end":{"line":9,"column":44}},"2":{"start":{"line":10,"column":15},"end":{"line":10,"column":42}},"3":{"start":{"line":12,"column":2},"end":{"line":24,"column":65}},"4":{"start":{"line":13,"column":31},"end":{"line":16,"column":5}},"5":{"start":{"line":17,"column":31},"end":{"line":23,"column":5}},"6":{"start":{"line":24,"column":30},"end":{"line":24,"column":51}},"7":{"start":{"line":45,"column":2},"end":{"line":48,"column":3}},"8":{"start":{"line":46,"column":4},"end":{"line":46,"column":29}},"9":{"start":{"line":47,"column":4},"end":{"line":47,"column":44}},"10":{"start":{"line":49,"column":2},"end":{"line":52,"column":3}},"11":{"start":{"line":50,"column":4},"end":{"line":50,"column":44}},"12":{"start":{"line":51,"column":4},"end":{"line":51,"column":52}},"13":{"start":{"line":54,"column":28},"end":{"line":54,"column":55}},"14":{"start":{"line":55,"column":28},"end":{"line":55,"column":92}},"15":{"start":{"line":57,"column":2},"end":{"line":59,"column":3}},"16":{"start":{"line":58,"column":4},"end":{"line":58,"column":53}},"17":{"start":{"line":60,"column":2},"end":{"line":62,"column":3}},"18":{"start":{"line":61,"column":4},"end":{"line":61,"column":40}},"19":{"start":{"line":64,"column":2},"end":{"line":64,"column":12}},"20":{"start":{"line":78,"column":38},"end":{"line":78,"column":59}},"21":{"start":{"line":79,"column":31},"end":{"line":79,"column":69}},"22":{"start":{"line":80,"column":36},"end":{"line":80,"column":79}},"23":{"start":{"line":82,"column":2},"end":{"line":92,"column":3}},"24":{"start":{"line":83,"column":31},"end":{"line":83,"column":80}},"25":{"start":{"line":84,"column":36},"end":{"line":84,"column":90}},"26":{"start":{"line":85,"column":4},"end":{"line":91,"column":6}},"27":{"start":{"line":93,"column":2},"end":{"line":96,"column":4}}},"fnMap":{"0":{"name":"(anonymous_0)","decl":{"start":{"line":8,"column":26},"end":{"line":8,"column":27}},"loc":{"start":{"line":8,"column":78},"end":{"line":25,"column":1}},"line":8},"1":{"name":"(anonymous_1)","decl":{"start":{"line":13,"column":9},"end":{"line":13,"column":10}},"loc":{"start":{"line":13,"column":31},"end":{"line":16,"column":5}},"line":13},"2":{"name":"(anonymous_2)","decl":{"start":{"line":17,"column":9},"end":{"line":17,"column":10}},"loc":{"start":{"line":17,"column":31},"end":{"line":23,"column":5}},"line":17},"3":{"name":"(anonymous_3)","decl":{"start":{"line":24,"column":12},"end":{"line":24,"column":13}},"loc":{"start":{"line":24,"column":30},"end":{"line":24,"column":51}},"line":24},"4":{"name":"getLanguageName","decl":{"start":{"line":39,"column":9},"end":{"line":39,"column":24}},"loc":{"start":{"line":42,"column":10},"end":{"line":65,"column":1}},"line":42},"5":{"name":"getLanguageNameWithCountry","decl":{"start":{"line":73,"column":9},"end":{"line":73,"column":35}},"loc":{"start":{"line":77,"column":78},"end":{"line":97,"column":1}},"line":77}},"branchMap":{"0":{"loc":{"start":{"line":8,"column":27},"end":{"line":8,"column":56}},"type":"default-arg","locations":[{"start":{"line":8,"column":52},"end":{"line":8,"column":56}}],"line":8},"1":{"loc":{"start":{"line":41,"column":2},"end":{"line":41,"column":39}},"type":"default-arg","locations":[{"start":{"line":41,"column":35},"end":{"line":41,"column":39}}],"line":41},"2":{"loc":{"start":{"line":45,"column":2},"end":{"line":48,"column":3}},"type":"if","locations":[{"start":{"line":45,"column":2},"end":{"line":48,"column":3}},{"start":{"line":45,"column":2},"end":{"line":48,"column":3}}],"line":45},"3":{"loc":{"start":{"line":49,"column":2},"end":{"line":52,"column":3}},"type":"if","locations":[{"start":{"line":49,"column":2},"end":{"line":52,"column":3}},{"start":{"line":49,"column":2},"end":{"line":52,"column":3}}],"line":49},"4":{"loc":{"start":{"line":51,"column":21},"end":{"line":51,"column":51}},"type":"binary-expr","locations":[{"start":{"line":51,"column":21},"end":{"line":51,"column":43}},{"start":{"line":51,"column":47},"end":{"line":51,"column":51}}],"line":51},"5":{"loc":{"start":{"line":55,"column":28},"end":{"line":55,"column":92}},"type":"binary-expr","locations":[{"start":{"line":55,"column":28},"end":{"line":55,"column":45}},{"start":{"line":55,"column":49},"end":{"line":55,"column":92}}],"line":55},"6":{"loc":{"start":{"line":57,"column":2},"end":{"line":59,"column":3}},"type":"if","locations":[{"start":{"line":57,"column":2},"end":{"line":59,"column":3}},{"start":{"line":57,"column":2},"end":{"line":59,"column":3}}],"line":57},"7":{"loc":{"start":{"line":57,"column":6},"end":{"line":57,"column":44}},"type":"binary-expr","locations":[{"start":{"line":57,"column":6},"end":{"line":57,"column":23}},{"start":{"line":57,"column":27},"end":{"line":57,"column":44}}],"line":57},"8":{"loc":{"start":{"line":60,"column":2},"end":{"line":62,"column":3}},"type":"if","locations":[{"start":{"line":60,"column":2},"end":{"line":62,"column":3}},{"start":{"line":60,"column":2},"end":{"line":62,"column":3}}],"line":60},"9":{"loc":{"start":{"line":75,"column":2},"end":{"line":75,"column":39}},"type":"default-arg","locations":[{"start":{"line":75,"column":35},"end":{"line":75,"column":39}}],"line":75},"10":{"loc":{"start":{"line":76,"column":2},"end":{"line":76,"column":34}},"type":"default-arg","locations":[{"start":{"line":76,"column":30},"end":{"line":76,"column":34}}],"line":76},"11":{"loc":{"start":{"line":82,"column":2},"end":{"line":92,"column":3}},"type":"if","locations":[{"start":{"line":82,"column":2},"end":{"line":92,"column":3}},{"start":{"line":82,"column":2},"end":{"line":92,"column":3}}],"line":82},"12":{"loc":{"start":{"line":87,"column":8},"end":{"line":89,"column":37}},"type":"binary-expr","locations":[{"start":{"line":87,"column":9},"end":{"line":89,"column":30}},{"start":{"line":89,"column":35},"end":{"line":89,"column":37}}],"line":87},"13":{"loc":{"start":{"line":87,"column":9},"end":{"line":89,"column":30}},"type":"cond-expr","locations":[{"start":{"line":88,"column":12},"end":{"line":88,"column":35}},{"start":{"line":89,"column":12},"end":{"line":89,"column":30}}],"line":87},"14":{"loc":{"start":{"line":87,"column":9},"end":{"line":87,"column":81}},"type":"binary-expr","locations":[{"start":{"line":87,"column":9},"end":{"line":87,"column":25}},{"start":{"line":87,"column":29},"end":{"line":87,"column":52}},{"start":{"line":87,"column":56},"end":{"line":87,"column":81}}],"line":87},"15":{"loc":{"start":{"line":94,"column":17},"end":{"line":94,"column":51}},"type":"binary-expr","locations":[{"start":{"line":94,"column":17},"end":{"line":94,"column":45}},{"start":{"line":94,"column":49},"end":{"line":94,"column":51}}],"line":94}},"s":{"0":1,"1":8,"2":8,"3":8,"4":1488,"5":1488,"6":1488,"7":12,"8":10,"9":10,"10":12,"11":2,"12":2,"13":12,"14":12,"15":12,"16":8,"17":4,"18":0,"19":4,"20":6,"21":6,"22":6,"23":6,"24":4,"25":4,"26":4,"27":2},"f":{"0":8,"1":1488,"2":1488,"3":1488,"4":12,"5":6},"b":{"0":[0],"1":[3],"2":[10,2],"3":[2,10],"4":[2,1],"5":[12,10],"6":[8,4],"7":[12,10],"8":[0,4],"9":[3],"10":[5],"11":[4,2],"12":[4,2],"13":[1,3],"14":[4,3,1],"15":[2,2]},"_coverageSchema":"1a1c01bbd47fc00a2c39e90264f33305004495a9","hash":"eefd1e50315c80e29f434e7af65e2168b2b8cd65"}
,"/Users/hmelenok/IdeaProjects/language-name-to-language-name/src/maps/dir.ts": {"path":"/Users/hmelenok/IdeaProjects/language-name-to-language-name/src/maps/dir.ts","statementMap":{},"fnMap":{},"branchMap":{},"s":{},"f":{},"b":{},"_coverageSchema":"1a1c01bbd47fc00a2c39e90264f33305004495a9","hash":"be503b7cadd5de1e4e934ff2ed4df9f78a8b97bc"}
,"/Users/hmelenok/IdeaProjects/language-name-to-language-name/src/maps/native.ts": {"path":"/Users/hmelenok/IdeaProjects/language-name-to-language-name/src/maps/native.ts","statementMap":{},"fnMap":{},"branchMap":{},"s":{},"f":{},"b":{},"_coverageSchema":"1a1c01bbd47fc00a2c39e90264f33305004495a9","hash":"c9cf4900b2776a300a89634f316b469e2b771b27"}
,"/Users/hmelenok/IdeaProjects/language-name-to-language-name/src/maps/countries/en-short.ts": {"path":"/Users/hmelenok/IdeaProjects/language-name-to-language-name/src/maps/countries/en-short.ts","statementMap":{},"fnMap":{},"branchMap":{},"s":{},"f":{},"b":{},"_coverageSchema":"1a1c01bbd47fc00a2c39e90264f33305004495a9","hash":"444ca9edcacf2e49bf05053633ac7003550fd987"}
,"/Users/hmelenok/IdeaProjects/language-name-to-language-name/src/maps/countries/en.ts": {"path":"/Users/hmelenok/IdeaProjects/language-name-to-language-name/src/maps/countries/en.ts","statementMap":{},"fnMap":{},"branchMap":{},"s":{},"f":{},"b":{},"_coverageSchema":"1a1c01bbd47fc00a2c39e90264f33305004495a9","hash":"8d3179fff0c1307834a5bfb265a1f195224e9244"}
,"/Users/hmelenok/IdeaProjects/language-name-to-language-name/src/maps/countries/index.ts": {"path":"/Users/hmelenok/IdeaProjects/language-name-to-language-name/src/maps/countries/index.ts","statementMap":{},"fnMap":{},"branchMap":{},"s":{},"f":{},"b":{},"_coverageSchema":"1a1c01bbd47fc00a2c39e90264f33305004495a9","hash":"274132b927353dd5889048a9a6d8f540d197c221"}
,"/Users/hmelenok/IdeaProjects/language-name-to-language-name/src/maps/countries/short.ts": {"path":"/Users/hmelenok/IdeaProjects/language-name-to-language-name/src/maps/countries/short.ts","statementMap":{},"fnMap":{},"branchMap":{},"s":{},"f":{},"b":{},"_coverageSchema":"1a1c01bbd47fc00a2c39e90264f33305004495a9","hash":"86d1c2083c420921f6aff7f3548d072557298402"}
,"/Users/hmelenok/IdeaProjects/language-name-to-language-name/src/maps/languages/de.ts": {"path":"/Users/hmelenok/IdeaProjects/language-name-to-language-name/src/maps/languages/de.ts","statementMap":{},"fnMap":{},"branchMap":{},"s":{},"f":{},"b":{},"_coverageSchema":"1a1c01bbd47fc00a2c39e90264f33305004495a9","hash":"de5e33a4c4ea167a62524886855b81e936c02ded"}
,"/Users/hmelenok/IdeaProjects/language-name-to-language-name/src/maps/languages/en.ts": {"path":"/Users/hmelenok/IdeaProjects/language-name-to-language-name/src/maps/languages/en.ts","statementMap":{},"fnMap":{},"branchMap":{},"s":{},"f":{},"b":{},"_coverageSchema":"1a1c01bbd47fc00a2c39e90264f33305004495a9","hash":"a9629137ea19835cf4f8bb4c84625e22eaba0946"}
,"/Users/hmelenok/IdeaProjects/language-name-to-language-name/src/maps/languages/fr.ts": {"path":"/Users/hmelenok/IdeaProjects/language-name-to-language-name/src/maps/languages/fr.ts","statementMap":{},"fnMap":{},"branchMap":{},"s":{},"f":{},"b":{},"_coverageSchema":"1a1c01bbd47fc00a2c39e90264f33305004495a9","hash":"01f3fc8eed7c1dd0ae0458d141b1de2164bc3a62"}
,"/Users/hmelenok/IdeaProjects/language-name-to-language-name/src/maps/languages/index.ts": {"path":"/Users/hmelenok/IdeaProjects/language-name-to-language-name/src/maps/languages/index.ts","statementMap":{},"fnMap":{},"branchMap":{},"s":{},"f":{},"b":{},"_coverageSchema":"1a1c01bbd47fc00a2c39e90264f33305004495a9","hash":"da2835e922c8f84f0d8c73620596e4526523fd31"}
,"/Users/hmelenok/IdeaProjects/language-name-to-language-name/src/maps/languages/nb.ts": {"path":"/Users/hmelenok/IdeaProjects/language-name-to-language-name/src/maps/languages/nb.ts","statementMap":{},"fnMap":{},"branchMap":{},"s":{},"f":{},"b":{},"_coverageSchema":"1a1c01bbd47fc00a2c39e90264f33305004495a9","hash":"e34ab18b491e3fc9feff8ce82532e1c798709433"}
,"/Users/hmelenok/IdeaProjects/language-name-to-language-name/src/maps/languages/ru.ts": {"path":"/Users/hmelenok/IdeaProjects/language-name-to-language-name/src/maps/languages/ru.ts","statementMap":{},"fnMap":{},"branchMap":{},"s":{},"f":{},"b":{},"_coverageSchema":"1a1c01bbd47fc00a2c39e90264f33305004495a9","hash":"c1e5edda75e69f1ec50d6c0654aaabf26417faf1"}
,"/Users/hmelenok/IdeaProjects/language-name-to-language-name/src/maps/languages/uk.ts": {"path":"/Users/hmelenok/IdeaProjects/language-name-to-language-name/src/maps/languages/uk.ts","statementMap":{},"fnMap":{},"branchMap":{},"s":{},"f":{},"b":{},"_coverageSchema":"1a1c01bbd47fc00a2c39e90264f33305004495a9","hash":"083612e57ab2df88093526d2fbbd353542721c1c"}
}
