{"/Users/hmelenok/IdeaProjects/language-name-to-language-name/src/index.ts": {"path":"/Users/hmelenok/IdeaProjects/language-name-to-language-name/src/index.ts","statementMap":{"0":{"start":{"line":8,"column":26},"end":{"line":29,"column":1}},"1":{"start":{"line":9,"column":25},"end":{"line":9,"column":44}},"2":{"start":{"line":10,"column":2},"end":{"line":12,"column":3}},"3":{"start":{"line":11,"column":4},"end":{"line":11,"column":11}},"4":{"start":{"line":13,"column":15},"end":{"line":13,"column":42}},"5":{"start":{"line":16,"column":2},"end":{"line":28,"column":65}},"6":{"start":{"line":17,"column":31},"end":{"line":20,"column":5}},"7":{"start":{"line":21,"column":31},"end":{"line":27,"column":5}},"8":{"start":{"line":28,"column":30},"end":{"line":28,"column":51}},"9":{"start":{"line":49,"column":2},"end":{"line":52,"column":3}},"10":{"start":{"line":50,"column":4},"end":{"line":50,"column":29}},"11":{"start":{"line":51,"column":4},"end":{"line":51,"column":44}},"12":{"start":{"line":53,"column":2},"end":{"line":56,"column":3}},"13":{"start":{"line":54,"column":4},"end":{"line":54,"column":44}},"14":{"start":{"line":55,"column":4},"end":{"line":55,"column":52}},"15":{"start":{"line":58,"column":28},"end":{"line":58,"column":55}},"16":{"start":{"line":59,"column":28},"end":{"line":59,"column":92}},"17":{"start":{"line":61,"column":2},"end":{"line":63,"column":3}},"18":{"start":{"line":62,"column":4},"end":{"line":62,"column":53}},"19":{"start":{"line":64,"column":2},"end":{"line":66,"column":3}},"20":{"start":{"line":65,"column":4},"end":{"line":65,"column":40}},"21":{"start":{"line":68,"column":2},"end":{"line":68,"column":12}},"22":{"start":{"line":82,"column":38},"end":{"line":82,"column":59}},"23":{"start":{"line":83,"column":31},"end":{"line":83,"column":69}},"24":{"start":{"line":84,"column":36},"end":{"line":84,"column":79}},"25":{"start":{"line":85,"column":26},"end":{"line":85,"column":76}},"26":{"start":{"line":86,"column":21},"end":{"line":86,"column":113}},"27":{"start":{"line":88,"column":2},"end":{"line":99,"column":3}},"28":{"start":{"line":89,"column":31},"end":{"line":89,"column":80}},"29":{"start":{"line":90,"column":36},"end":{"line":90,"column":90}},"30":{"start":{"line":91,"column":4},"end":{"line":98,"column":6}},"31":{"start":{"line":100,"column":2},"end":{"line":104,"column":4}}},"fnMap":{"0":{"name":"(anonymous_0)","decl":{"start":{"line":8,"column":26},"end":{"line":8,"column":27}},"loc":{"start":{"line":8,"column":90},"end":{"line":29,"column":1}},"line":8},"1":{"name":"(anonymous_1)","decl":{"start":{"line":17,"column":9},"end":{"line":17,"column":10}},"loc":{"start":{"line":17,"column":31},"end":{"line":20,"column":5}},"line":17},"2":{"name":"(anonymous_2)","decl":{"start":{"line":21,"column":9},"end":{"line":21,"column":10}},"loc":{"start":{"line":21,"column":31},"end":{"line":27,"column":5}},"line":21},"3":{"name":"(anonymous_3)","decl":{"start":{"line":28,"column":12},"end":{"line":28,"column":13}},"loc":{"start":{"line":28,"column":30},"end":{"line":28,"column":51}},"line":28},"4":{"name":"getLanguageName","decl":{"start":{"line":43,"column":9},"end":{"line":43,"column":24}},"loc":{"start":{"line":46,"column":10},"end":{"line":69,"column":1}},"line":46},"5":{"name":"getLanguageNameWithCountry","decl":{"start":{"line":77,"column":9},"end":{"line":77,"column":35}},"loc":{"start":{"line":81,"column":71},"end":{"line":105,"column":1}},"line":81}},"branchMap":{"0":{"loc":{"start":{"line":8,"column":27},"end":{"line":8,"column":56}},"type":"default-arg","locations":[{"start":{"line":8,"column":52},"end":{"line":8,"column":56}}],"line":8},"1":{"loc":{"start":{"line":10,"column":2},"end":{"line":12,"column":3}},"type":"if","locations":[{"start":{"line":10,"column":2},"end":{"line":12,"column":3}},{"start":{"line":10,"column":2},"end":{"line":12,"column":3}}],"line":10},"2":{"loc":{"start":{"line":45,"column":2},"end":{"line":45,"column":39}},"type":"default-arg","locations":[{"start":{"line":45,"column":35},"end":{"line":45,"column":39}}],"line":45},"3":{"loc":{"start":{"line":49,"column":2},"end":{"line":52,"column":3}},"type":"if","locations":[{"start":{"line":49,"column":2},"end":{"line":52,"column":3}},{"start":{"line":49,"column":2},"end":{"line":52,"column":3}}],"line":49},"4":{"loc":{"start":{"line":53,"column":2},"end":{"line":56,"column":3}},"type":"if","locations":[{"start":{"line":53,"column":2},"end":{"line":56,"column":3}},{"start":{"line":53,"column":2},"end":{"line":56,"column":3}}],"line":53},"5":{"loc":{"start":{"line":55,"column":21},"end":{"line":55,"column":51}},"type":"binary-expr","locations":[{"start":{"line":55,"column":21},"end":{"line":55,"column":43}},{"start":{"line":55,"column":47},"end":{"line":55,"column":51}}],"line":55},"6":{"loc":{"start":{"line":59,"column":28},"end":{"line":59,"column":92}},"type":"binary-expr","locations":[{"start":{"line":59,"column":28},"end":{"line":59,"column":45}},{"start":{"line":59,"column":49},"end":{"line":59,"column":92}}],"line":59},"7":{"loc":{"start":{"line":61,"column":2},"end":{"line":63,"column":3}},"type":"if","locations":[{"start":{"line":61,"column":2},"end":{"line":63,"column":3}},{"start":{"line":61,"column":2},"end":{"line":63,"column":3}}],"line":61},"8":{"loc":{"start":{"line":61,"column":6},"end":{"line":61,"column":44}},"type":"binary-expr","locations":[{"start":{"line":61,"column":6},"end":{"line":61,"column":23}},{"start":{"line":61,"column":27},"end":{"line":61,"column":44}}],"line":61},"9":{"loc":{"start":{"line":64,"column":2},"end":{"line":66,"column":3}},"type":"if","locations":[{"start":{"line":64,"column":2},"end":{"line":66,"column":3}},{"start":{"line":64,"column":2},"end":{"line":66,"column":3}}],"line":64},"10":{"loc":{"start":{"line":79,"column":2},"end":{"line":79,"column":45}},"type":"default-arg","locations":[{"start":{"line":79,"column":41},"end":{"line":79,"column":45}}],"line":79},"11":{"loc":{"start":{"line":80,"column":2},"end":{"line":80,"column":34}},"type":"default-arg","locations":[{"start":{"line":80,"column":30},"end":{"line":80,"column":34}}],"line":80},"12":{"loc":{"start":{"line":86,"column":21},"end":{"line":86,"column":113}},"type":"cond-expr","locations":[{"start":{"line":86,"column":72},"end":{"line":86,"column":108}},{"start":{"line":86,"column":111},"end":{"line":86,"column":113}}],"line":86},"13":{"loc":{"start":{"line":86,"column":21},"end":{"line":86,"column":69}},"type":"binary-expr","locations":[{"start":{"line":86,"column":21},"end":{"line":86,"column":36}},{"start":{"line":86,"column":40},"end":{"line":86,"column":69}}],"line":86},"14":{"loc":{"start":{"line":88,"column":2},"end":{"line":99,"column":3}},"type":"if","locations":[{"start":{"line":88,"column":2},"end":{"line":99,"column":3}},{"start":{"line":88,"column":2},"end":{"line":99,"column":3}}],"line":88},"15":{"loc":{"start":{"line":93,"column":8},"end":{"line":95,"column":37}},"type":"binary-expr","locations":[{"start":{"line":93,"column":9},"end":{"line":95,"column":30}},{"start":{"line":95,"column":35},"end":{"line":95,"column":37}}],"line":93},"16":{"loc":{"start":{"line":93,"column":9},"end":{"line":95,"column":30}},"type":"cond-expr","locations":[{"start":{"line":94,"column":12},"end":{"line":94,"column":35}},{"start":{"line":95,"column":12},"end":{"line":95,"column":30}}],"line":93},"17":{"loc":{"start":{"line":93,"column":9},"end":{"line":93,"column":81}},"type":"binary-expr","locations":[{"start":{"line":93,"column":9},"end":{"line":93,"column":25}},{"start":{"line":93,"column":29},"end":{"line":93,"column":52}},{"start":{"line":93,"column":56},"end":{"line":93,"column":81}}],"line":93},"18":{"loc":{"start":{"line":101,"column":17},"end":{"line":101,"column":51}},"type":"binary-expr","locations":[{"start":{"line":101,"column":17},"end":{"line":101,"column":45}},{"start":{"line":101,"column":49},"end":{"line":101,"column":51}}],"line":101}},"s":{"0":1,"1":19,"2":19,"3":1,"4":18,"5":18,"6":3420,"7":3420,"8":3420,"9":15,"10":13,"11":13,"12":15,"13":2,"14":2,"15":15,"16":15,"17":15,"18":11,"19":4,"20":0,"21":4,"22":8,"23":8,"24":8,"25":8,"26":8,"27":8,"28":7,"29":7,"30":7,"31":1},"f":{"0":19,"1":3420,"2":3420,"3":3420,"4":15,"5":8},"b":{"0":[0],"1":[1,18],"2":[3],"3":[13,2],"4":[2,13],"5":[2,1],"6":[15,13],"7":[11,4],"8":[15,13],"9":[0,4],"10":[3],"11":[6],"12":[6,2],"13":[8,7],"14":[7,1],"15":[7,3],"16":[2,5],"17":[7,5,2],"18":[1,1]},"_coverageSchema":"1a1c01bbd47fc00a2c39e90264f33305004495a9","hash":"01b2037f8980b21c20ca8ba8befb0ed180857105"}
,"/Users/hmelenok/IdeaProjects/language-name-to-language-name/src/maps/dir.ts": {"path":"/Users/hmelenok/IdeaProjects/language-name-to-language-name/src/maps/dir.ts","statementMap":{},"fnMap":{},"branchMap":{},"s":{},"f":{},"b":{},"_coverageSchema":"1a1c01bbd47fc00a2c39e90264f33305004495a9","hash":"be503b7cadd5de1e4e934ff2ed4df9f78a8b97bc"}
,"/Users/hmelenok/IdeaProjects/language-name-to-language-name/src/maps/native.ts": {"path":"/Users/hmelenok/IdeaProjects/language-name-to-language-name/src/maps/native.ts","statementMap":{},"fnMap":{},"branchMap":{},"s":{},"f":{},"b":{},"_coverageSchema":"1a1c01bbd47fc00a2c39e90264f33305004495a9","hash":"c9cf4900b2776a300a89634f316b469e2b771b27"}
,"/Users/hmelenok/IdeaProjects/language-name-to-language-name/src/maps/countries/de-short.ts": {"path":"/Users/hmelenok/IdeaProjects/language-name-to-language-name/src/maps/countries/de-short.ts","statementMap":{},"fnMap":{},"branchMap":{},"s":{},"f":{},"b":{},"_coverageSchema":"1a1c01bbd47fc00a2c39e90264f33305004495a9","hash":"dc538c40b741129ac4b814920a2aac0f95b08418"}
,"/Users/hmelenok/IdeaProjects/language-name-to-language-name/src/maps/countries/de.ts": {"path":"/Users/hmelenok/IdeaProjects/language-name-to-language-name/src/maps/countries/de.ts","statementMap":{},"fnMap":{},"branchMap":{},"s":{},"f":{},"b":{},"_coverageSchema":"1a1c01bbd47fc00a2c39e90264f33305004495a9","hash":"ac5cb0693db026d03fb53002a1fd4391a06301c7"}
,"/Users/hmelenok/IdeaProjects/language-name-to-language-name/src/maps/countries/en-short.ts": {"path":"/Users/hmelenok/IdeaProjects/language-name-to-language-name/src/maps/countries/en-short.ts","statementMap":{},"fnMap":{},"branchMap":{},"s":{},"f":{},"b":{},"_coverageSchema":"1a1c01bbd47fc00a2c39e90264f33305004495a9","hash":"444ca9edcacf2e49bf05053633ac7003550fd987"}
,"/Users/hmelenok/IdeaProjects/language-name-to-language-name/src/maps/countries/en.ts": {"path":"/Users/hmelenok/IdeaProjects/language-name-to-language-name/src/maps/countries/en.ts","statementMap":{},"fnMap":{},"branchMap":{},"s":{},"f":{},"b":{},"_coverageSchema":"1a1c01bbd47fc00a2c39e90264f33305004495a9","hash":"8d3179fff0c1307834a5bfb265a1f195224e9244"}
,"/Users/hmelenok/IdeaProjects/language-name-to-language-name/src/maps/countries/es-short.ts": {"path":"/Users/hmelenok/IdeaProjects/language-name-to-language-name/src/maps/countries/es-short.ts","statementMap":{},"fnMap":{},"branchMap":{},"s":{},"f":{},"b":{},"_coverageSchema":"1a1c01bbd47fc00a2c39e90264f33305004495a9","hash":"ffc8b0e8c46a5f11d886d76c18a5cf1b4e17202c"}
,"/Users/hmelenok/IdeaProjects/language-name-to-language-name/src/maps/countries/es.ts": {"path":"/Users/hmelenok/IdeaProjects/language-name-to-language-name/src/maps/countries/es.ts","statementMap":{},"fnMap":{},"branchMap":{},"s":{},"f":{},"b":{},"_coverageSchema":"1a1c01bbd47fc00a2c39e90264f33305004495a9","hash":"4a69c315c63e16a5598deeba18de082dd5d8f4c5"}
,"/Users/hmelenok/IdeaProjects/language-name-to-language-name/src/maps/countries/fr-short.ts": {"path":"/Users/hmelenok/IdeaProjects/language-name-to-language-name/src/maps/countries/fr-short.ts","statementMap":{},"fnMap":{},"branchMap":{},"s":{},"f":{},"b":{},"_coverageSchema":"1a1c01bbd47fc00a2c39e90264f33305004495a9","hash":"607a599c4374a399effb9aefd340ae6b35aaaa5b"}
,"/Users/hmelenok/IdeaProjects/language-name-to-language-name/src/maps/countries/fr.ts": {"path":"/Users/hmelenok/IdeaProjects/language-name-to-language-name/src/maps/countries/fr.ts","statementMap":{},"fnMap":{},"branchMap":{},"s":{},"f":{},"b":{},"_coverageSchema":"1a1c01bbd47fc00a2c39e90264f33305004495a9","hash":"a5f7dc0d56c30c5be30e563112daf9406ca33d74"}
,"/Users/hmelenok/IdeaProjects/language-name-to-language-name/src/maps/countries/index.ts": {"path":"/Users/hmelenok/IdeaProjects/language-name-to-language-name/src/maps/countries/index.ts","statementMap":{},"fnMap":{},"branchMap":{},"s":{},"f":{},"b":{},"_coverageSchema":"1a1c01bbd47fc00a2c39e90264f33305004495a9","hash":"274132b927353dd5889048a9a6d8f540d197c221"}
,"/Users/hmelenok/IdeaProjects/language-name-to-language-name/src/maps/countries/nb-short.ts": {"path":"/Users/hmelenok/IdeaProjects/language-name-to-language-name/src/maps/countries/nb-short.ts","statementMap":{},"fnMap":{},"branchMap":{},"s":{},"f":{},"b":{},"_coverageSchema":"1a1c01bbd47fc00a2c39e90264f33305004495a9","hash":"a1262875df58e477bc0eee2dc2de417f288a05db"}
,"/Users/hmelenok/IdeaProjects/language-name-to-language-name/src/maps/countries/nb.ts": {"path":"/Users/hmelenok/IdeaProjects/language-name-to-language-name/src/maps/countries/nb.ts","statementMap":{},"fnMap":{},"branchMap":{},"s":{},"f":{},"b":{},"_coverageSchema":"1a1c01bbd47fc00a2c39e90264f33305004495a9","hash":"3d7f042a3f6b22f5117856dbd189d08f91948663"}
,"/Users/hmelenok/IdeaProjects/language-name-to-language-name/src/maps/countries/ru-short.ts": {"path":"/Users/hmelenok/IdeaProjects/language-name-to-language-name/src/maps/countries/ru-short.ts","statementMap":{},"fnMap":{},"branchMap":{},"s":{},"f":{},"b":{},"_coverageSchema":"1a1c01bbd47fc00a2c39e90264f33305004495a9","hash":"bd5d97a776757db41ce85248ad8a7dad8ca63911"}
,"/Users/hmelenok/IdeaProjects/language-name-to-language-name/src/maps/countries/ru.ts": {"path":"/Users/hmelenok/IdeaProjects/language-name-to-language-name/src/maps/countries/ru.ts","statementMap":{},"fnMap":{},"branchMap":{},"s":{},"f":{},"b":{},"_coverageSchema":"1a1c01bbd47fc00a2c39e90264f33305004495a9","hash":"8cb4dfdd79a2f60476c093d9a9653243fdc24ad0"}
,"/Users/hmelenok/IdeaProjects/language-name-to-language-name/src/maps/countries/short.ts": {"path":"/Users/hmelenok/IdeaProjects/language-name-to-language-name/src/maps/countries/short.ts","statementMap":{},"fnMap":{},"branchMap":{},"s":{},"f":{},"b":{},"_coverageSchema":"1a1c01bbd47fc00a2c39e90264f33305004495a9","hash":"86d1c2083c420921f6aff7f3548d072557298402"}
,"/Users/hmelenok/IdeaProjects/language-name-to-language-name/src/maps/countries/uk-short.ts": {"path":"/Users/hmelenok/IdeaProjects/language-name-to-language-name/src/maps/countries/uk-short.ts","statementMap":{},"fnMap":{},"branchMap":{},"s":{},"f":{},"b":{},"_coverageSchema":"1a1c01bbd47fc00a2c39e90264f33305004495a9","hash":"97eca039829e3a0a3d7a8e09ba8c19c8f8ef09d3"}
,"/Users/hmelenok/IdeaProjects/language-name-to-language-name/src/maps/countries/uk.ts": {"path":"/Users/hmelenok/IdeaProjects/language-name-to-language-name/src/maps/countries/uk.ts","statementMap":{},"fnMap":{},"branchMap":{},"s":{},"f":{},"b":{},"_coverageSchema":"1a1c01bbd47fc00a2c39e90264f33305004495a9","hash":"885d3eb205f6e862524de9d9a9cb0d035854342a"}
,"/Users/hmelenok/IdeaProjects/language-name-to-language-name/src/maps/languages/de.ts": {"path":"/Users/hmelenok/IdeaProjects/language-name-to-language-name/src/maps/languages/de.ts","statementMap":{},"fnMap":{},"branchMap":{},"s":{},"f":{},"b":{},"_coverageSchema":"1a1c01bbd47fc00a2c39e90264f33305004495a9","hash":"de5e33a4c4ea167a62524886855b81e936c02ded"}
,"/Users/hmelenok/IdeaProjects/language-name-to-language-name/src/maps/languages/en.ts": {"path":"/Users/hmelenok/IdeaProjects/language-name-to-language-name/src/maps/languages/en.ts","statementMap":{},"fnMap":{},"branchMap":{},"s":{},"f":{},"b":{},"_coverageSchema":"1a1c01bbd47fc00a2c39e90264f33305004495a9","hash":"a9629137ea19835cf4f8bb4c84625e22eaba0946"}
,"/Users/hmelenok/IdeaProjects/language-name-to-language-name/src/maps/languages/es.ts": {"path":"/Users/hmelenok/IdeaProjects/language-name-to-language-name/src/maps/languages/es.ts","statementMap":{},"fnMap":{},"branchMap":{},"s":{},"f":{},"b":{},"_coverageSchema":"1a1c01bbd47fc00a2c39e90264f33305004495a9","hash":"6162c22c24d63f0c43f3da1e3a75c686afca8d32"}
,"/Users/hmelenok/IdeaProjects/language-name-to-language-name/src/maps/languages/fr.ts": {"path":"/Users/hmelenok/IdeaProjects/language-name-to-language-name/src/maps/languages/fr.ts","statementMap":{},"fnMap":{},"branchMap":{},"s":{},"f":{},"b":{},"_coverageSchema":"1a1c01bbd47fc00a2c39e90264f33305004495a9","hash":"01f3fc8eed7c1dd0ae0458d141b1de2164bc3a62"}
,"/Users/hmelenok/IdeaProjects/language-name-to-language-name/src/maps/languages/index.ts": {"path":"/Users/hmelenok/IdeaProjects/language-name-to-language-name/src/maps/languages/index.ts","statementMap":{},"fnMap":{},"branchMap":{},"s":{},"f":{},"b":{},"_coverageSchema":"1a1c01bbd47fc00a2c39e90264f33305004495a9","hash":"da2835e922c8f84f0d8c73620596e4526523fd31"}
,"/Users/hmelenok/IdeaProjects/language-name-to-language-name/src/maps/languages/nb.ts": {"path":"/Users/hmelenok/IdeaProjects/language-name-to-language-name/src/maps/languages/nb.ts","statementMap":{},"fnMap":{},"branchMap":{},"s":{},"f":{},"b":{},"_coverageSchema":"1a1c01bbd47fc00a2c39e90264f33305004495a9","hash":"e34ab18b491e3fc9feff8ce82532e1c798709433"}
,"/Users/hmelenok/IdeaProjects/language-name-to-language-name/src/maps/languages/ru.ts": {"path":"/Users/hmelenok/IdeaProjects/language-name-to-language-name/src/maps/languages/ru.ts","statementMap":{},"fnMap":{},"branchMap":{},"s":{},"f":{},"b":{},"_coverageSchema":"1a1c01bbd47fc00a2c39e90264f33305004495a9","hash":"c1e5edda75e69f1ec50d6c0654aaabf26417faf1"}
,"/Users/hmelenok/IdeaProjects/language-name-to-language-name/src/maps/languages/uk.ts": {"path":"/Users/hmelenok/IdeaProjects/language-name-to-language-name/src/maps/languages/uk.ts","statementMap":{},"fnMap":{},"branchMap":{},"s":{},"f":{},"b":{},"_coverageSchema":"1a1c01bbd47fc00a2c39e90264f33305004495a9","hash":"083612e57ab2df88093526d2fbbd353542721c1c"}
}
