TN:
SF:src/index.ts
FN:8,(anonymous_0)
FN:13,(anonymous_1)
FN:17,(anonymous_2)
FN:24,(anonymous_3)
FN:39,getLanguageName
FN:73,getLanguageNameWithCountry
FNF:6
FNH:6
FNDA:8,(anonymous_0)
FNDA:1488,(anonymous_1)
FNDA:1488,(anonymous_2)
FNDA:1488,(anonymous_3)
FNDA:12,getLanguageName
FNDA:6,getLanguageNameWithCountry
DA:8,1
DA:9,8
DA:10,8
DA:12,8
DA:13,1488
DA:17,1488
DA:24,1488
DA:45,12
DA:46,10
DA:47,10
DA:49,12
DA:50,2
DA:51,2
DA:54,12
DA:55,12
DA:57,12
DA:58,8
DA:60,4
DA:61,0
DA:64,4
DA:78,6
DA:79,6
DA:80,6
DA:82,6
DA:83,4
DA:84,4
DA:85,4
DA:93,2
LF:28
LH:27
BRDA:8,0,0,0
BRDA:41,1,0,3
BRDA:45,2,0,10
BRDA:45,2,1,2
BRDA:49,3,0,2
BRDA:49,3,1,10
BRDA:51,4,0,2
BRDA:51,4,1,1
BRDA:55,5,0,12
BRDA:55,5,1,10
BRDA:57,6,0,8
BRDA:57,6,1,4
BRDA:57,7,0,12
BRDA:57,7,1,10
BRDA:60,8,0,0
BRDA:60,8,1,4
BRDA:75,9,0,3
BRDA:76,10,0,5
BRDA:82,11,0,4
BRDA:82,11,1,2
BRDA:87,12,0,4
BRDA:87,12,1,2
BRDA:87,13,0,1
BRDA:87,13,1,3
BRDA:87,14,0,4
BRDA:87,14,1,3
BRDA:87,14,2,1
BRDA:94,15,0,2
BRDA:94,15,1,2
BRF:29
BRH:27
end_of_record
TN:
SF:src/maps/dir.ts
FNF:0
FNH:0
LF:0
LH:0
BRF:0
BRH:0
end_of_record
TN:
SF:src/maps/native.ts
FNF:0
FNH:0
LF:0
LH:0
BRF:0
BRH:0
end_of_record
TN:
SF:src/maps/countries/en-short.ts
FNF:0
FNH:0
LF:0
LH:0
BRF:0
BRH:0
end_of_record
TN:
SF:src/maps/countries/en.ts
FNF:0
FNH:0
LF:0
LH:0
BRF:0
BRH:0
end_of_record
TN:
SF:src/maps/countries/index.ts
FNF:0
FNH:0
LF:0
LH:0
BRF:0
BRH:0
end_of_record
TN:
SF:src/maps/countries/short.ts
FNF:0
FNH:0
LF:0
LH:0
BRF:0
BRH:0
end_of_record
TN:
SF:src/maps/languages/de.ts
FNF:0
FNH:0
LF:0
LH:0
BRF:0
BRH:0
end_of_record
TN:
SF:src/maps/languages/en.ts
FNF:0
FNH:0
LF:0
LH:0
BRF:0
BRH:0
end_of_record
TN:
SF:src/maps/languages/fr.ts
FNF:0
FNH:0
LF:0
LH:0
BRF:0
BRH:0
end_of_record
TN:
SF:src/maps/languages/index.ts
FNF:0
FNH:0
LF:0
LH:0
BRF:0
BRH:0
end_of_record
TN:
SF:src/maps/languages/nb.ts
FNF:0
FNH:0
LF:0
LH:0
BRF:0
BRH:0
end_of_record
TN:
SF:src/maps/languages/ru.ts
FNF:0
FNH:0
LF:0
LH:0
BRF:0
BRH:0
end_of_record
TN:
SF:src/maps/languages/uk.ts
FNF:0
FNH:0
LF:0
LH:0
BRF:0
BRH:0
end_of_record
