TN:
SF:src/index.ts
FN:8,(anonymous_0)
FN:17,(anonymous_1)
FN:21,(anonymous_2)
FN:28,(anonymous_3)
FN:43,getLanguageName
FN:77,getLanguageNameWithCountry
FNF:6
FNH:6
FNDA:19,(anonymous_0)
FNDA:3420,(anonymous_1)
FNDA:3420,(anonymous_2)
FNDA:3420,(anonymous_3)
FNDA:15,getLanguageName
FNDA:8,getLanguageNameWithCountry
DA:8,1
DA:9,19
DA:10,19
DA:11,1
DA:13,18
DA:16,18
DA:17,3420
DA:21,3420
DA:28,3420
DA:49,15
DA:50,13
DA:51,13
DA:53,15
DA:54,2
DA:55,2
DA:58,15
DA:59,15
DA:61,15
DA:62,11
DA:64,4
DA:65,0
DA:68,4
DA:82,8
DA:83,8
DA:84,8
DA:85,8
DA:86,8
DA:88,8
DA:89,7
DA:90,7
DA:91,7
DA:100,1
LF:32
LH:31
BRDA:8,0,0,0
BRDA:10,1,0,1
BRDA:10,1,1,18
BRDA:45,2,0,3
BRDA:49,3,0,13
BRDA:49,3,1,2
BRDA:53,4,0,2
BRDA:53,4,1,13
BRDA:55,5,0,2
BRDA:55,5,1,1
BRDA:59,6,0,15
BRDA:59,6,1,13
BRDA:61,7,0,11
BRDA:61,7,1,4
BRDA:61,8,0,15
BRDA:61,8,1,13
BRDA:64,9,0,0
BRDA:64,9,1,4
BRDA:79,10,0,3
BRDA:80,11,0,6
BRDA:86,12,0,6
BRDA:86,12,1,2
BRDA:86,13,0,8
BRDA:86,13,1,7
BRDA:88,14,0,7
BRDA:88,14,1,1
BRDA:93,15,0,7
BRDA:93,15,1,3
BRDA:93,16,0,2
BRDA:93,16,1,5
BRDA:93,17,0,7
BRDA:93,17,1,5
BRDA:93,17,2,2
BRDA:101,18,0,1
BRDA:101,18,1,1
BRF:35
BRH:33
end_of_record
TN:
SF:src/maps/dir.ts
FNF:0
FNH:0
LF:0
LH:0
BRF:0
BRH:0
end_of_record
TN:
SF:src/maps/native.ts
FNF:0
FNH:0
LF:0
LH:0
BRF:0
BRH:0
end_of_record
TN:
SF:src/maps/countries/de-short.ts
FNF:0
FNH:0
LF:0
LH:0
BRF:0
BRH:0
end_of_record
TN:
SF:src/maps/countries/de.ts
FNF:0
FNH:0
LF:0
LH:0
BRF:0
BRH:0
end_of_record
TN:
SF:src/maps/countries/en-short.ts
FNF:0
FNH:0
LF:0
LH:0
BRF:0
BRH:0
end_of_record
TN:
SF:src/maps/countries/en.ts
FNF:0
FNH:0
LF:0
LH:0
BRF:0
BRH:0
end_of_record
TN:
SF:src/maps/countries/es-short.ts
FNF:0
FNH:0
LF:0
LH:0
BRF:0
BRH:0
end_of_record
TN:
SF:src/maps/countries/es.ts
FNF:0
FNH:0
LF:0
LH:0
BRF:0
BRH:0
end_of_record
TN:
SF:src/maps/countries/fr-short.ts
FNF:0
FNH:0
LF:0
LH:0
BRF:0
BRH:0
end_of_record
TN:
SF:src/maps/countries/fr.ts
FNF:0
FNH:0
LF:0
LH:0
BRF:0
BRH:0
end_of_record
TN:
SF:src/maps/countries/index.ts
FNF:0
FNH:0
LF:0
LH:0
BRF:0
BRH:0
end_of_record
TN:
SF:src/maps/countries/nb-short.ts
FNF:0
FNH:0
LF:0
LH:0
BRF:0
BRH:0
end_of_record
TN:
SF:src/maps/countries/nb.ts
FNF:0
FNH:0
LF:0
LH:0
BRF:0
BRH:0
end_of_record
TN:
SF:src/maps/countries/ru-short.ts
FNF:0
FNH:0
LF:0
LH:0
BRF:0
BRH:0
end_of_record
TN:
SF:src/maps/countries/ru.ts
FNF:0
FNH:0
LF:0
LH:0
BRF:0
BRH:0
end_of_record
TN:
SF:src/maps/countries/short.ts
FNF:0
FNH:0
LF:0
LH:0
BRF:0
BRH:0
end_of_record
TN:
SF:src/maps/countries/uk-short.ts
FNF:0
FNH:0
LF:0
LH:0
BRF:0
BRH:0
end_of_record
TN:
SF:src/maps/countries/uk.ts
FNF:0
FNH:0
LF:0
LH:0
BRF:0
BRH:0
end_of_record
TN:
SF:src/maps/languages/de.ts
FNF:0
FNH:0
LF:0
LH:0
BRF:0
BRH:0
end_of_record
TN:
SF:src/maps/languages/en.ts
FNF:0
FNH:0
LF:0
LH:0
BRF:0
BRH:0
end_of_record
TN:
SF:src/maps/languages/es.ts
FNF:0
FNH:0
LF:0
LH:0
BRF:0
BRH:0
end_of_record
TN:
SF:src/maps/languages/fr.ts
FNF:0
FNH:0
LF:0
LH:0
BRF:0
BRH:0
end_of_record
TN:
SF:src/maps/languages/index.ts
FNF:0
FNH:0
LF:0
LH:0
BRF:0
BRH:0
end_of_record
TN:
SF:src/maps/languages/nb.ts
FNF:0
FNH:0
LF:0
LH:0
BRF:0
BRH:0
end_of_record
TN:
SF:src/maps/languages/ru.ts
FNF:0
FNH:0
LF:0
LH:0
BRF:0
BRH:0
end_of_record
TN:
SF:src/maps/languages/uk.ts
FNF:0
FNH:0
LF:0
LH:0
BRF:0
BRH:0
end_of_record
